<?xml version="1.0"?>
<!DOCTYPE coverage SYSTEM "http://cobertura.sourceforge.net/xml/coverage-04.dtd">
<coverage 
line-rate="0.80" lines-valid="25" lines-covered="20" branches-valid="2" branches-covered="2" branch-rate="1.00" complexity="0" version="1.0" timestamp="1612698461720">
    <sources>
        <source>--source</source>
        <source>/development/scala-server/src/main/scala</source>
    </sources>
    <packages>
        <package name="callpy" line-rate="0.80" branch-rate="1.00" complexity="0">
            <classes>
                <class name="callpy.Main" filename="callPy.scala" line-rate="0.00" branch-rate="0.00" complexity="0">
                    <methods>
                        <method name="callpy/Main/main" signature="()V" line-rate="0.00" branch-rate="0.00" complexity="0">
                            <lines>
                                <line number="29" hits="0" branch="false"/>
                                <line number="29" hits="0" branch="false"/>
                                <line number="30" hits="0" branch="false"/>
                                <line number="28" hits="0" branch="false"/>
                                <line number="29" hits="0" branch="false"/>
                            </lines>
                        </method>
                    </methods>
                    <lines>
                        <line number="29" hits="0" branch="false"/>
                        <line number="29" hits="0" branch="false"/>
                        <line number="30" hits="0" branch="false"/>
                        <line number="28" hits="0" branch="false"/>
                        <line number="29" hits="0" branch="false"/>
                    </lines>
                </class>
                <class name="callpy.callPy" filename="callPy.scala" line-rate="1.00" branch-rate="1.00" complexity="0">
                    <methods>
                        <method name="callpy/callPy/&lt;none&gt;" signature="()V" line-rate="1.00" branch-rate="1.00" complexity="0">
                            <lines>
                                <line number="6" hits="1" branch="false"/>
                            </lines>
                        </method>
                        <method name="callpy/callPy/callPython" signature="()V" line-rate="1.00" branch-rate="1.00" complexity="0">
                            <lines>
                                <line number="15" hits="1" branch="false"/>
                                <line number="15" hits="1" branch="false"/>
                                <line number="16" hits="1" branch="false"/>
                                <line number="8" hits="1" branch="false"/>
                                <line number="22" hits="1" branch="false"/>
                                <line number="9" hits="1" branch="false"/>
                                <line number="18" hits="1" branch="false"/>
                                <line number="18" hits="1" branch="false"/>
                                <line number="11" hits="1" branch="false"/>
                                <line number="15" hits="1" branch="false"/>
                                <line number="20" hits="1" branch="false"/>
                                <line number="15" hits="1" branch="false"/>
                                <line number="15" hits="1" branch="false"/>
                                <line number="15" hits="1" branch="false"/>
                                <line number="15" hits="1" branch="false"/>
                                <line number="16" hits="1" branch="false"/>
                                <line number="10" hits="1" branch="false"/>
                                <line number="17" hits="1" branch="false"/>
                                <line number="14" hits="1" branch="false"/>
                            </lines>
                        </method>
                    </methods>
                    <lines>
                        <line number="15" hits="1" branch="false"/>
                        <line number="15" hits="1" branch="false"/>
                        <line number="16" hits="1" branch="false"/>
                        <line number="8" hits="1" branch="false"/>
                        <line number="22" hits="1" branch="false"/>
                        <line number="9" hits="1" branch="false"/>
                        <line number="18" hits="1" branch="false"/>
                        <line number="18" hits="1" branch="false"/>
                        <line number="11" hits="1" branch="false"/>
                        <line number="15" hits="1" branch="false"/>
                        <line number="20" hits="1" branch="false"/>
                        <line number="15" hits="1" branch="false"/>
                        <line number="6" hits="1" branch="false"/>
                        <line number="15" hits="1" branch="false"/>
                        <line number="15" hits="1" branch="false"/>
                        <line number="15" hits="1" branch="false"/>
                        <line number="16" hits="1" branch="false"/>
                        <line number="10" hits="1" branch="false"/>
                        <line number="17" hits="1" branch="false"/>
                        <line number="14" hits="1" branch="false"/>
                    </lines>
                </class>
            </classes>
        </package>
    </packages>
</coverage>
